<?xml version="1.0" encoding="UTF-8"?>
<!-- Generated by org.testng.reporters.JUnitXMLReporter -->
<testsuite hostname="LAPTOP-IPL2Q4QM" ignored="0" name="Test" tests="2" failures="1" timestamp="2021-12-29T12:01:27 IST" time="69.199" errors="0">
  <testcase name="adminLoginTest" time="15.086" classname="com.learnautomation.testcases.LoginTest"/>
  <testcase name="logoutTest" time="6.604" classname="com.learnautomation.testcases.LoginTest">
    <failure type="java.lang.AssertionError" message="expected [true] but found [false]">
      <![CDATA[java.lang.AssertionError: expected [true] but found [false]
at com.learnautomation.testcases.LoginTest.logoutTest(LoginTest.java:37)
at java.util.ArrayList.forEach(ArrayList.java:1257)
... Removed 31 stack frames]]>
    </failure>
  </testcase> <!-- logoutTest -->
</testsuite> <!-- Test -->
